2018-09-07 15:50:34,967 ERROR Thread-11 net.appuploader.c.a.a(?:?) downloadcert失败:This cert not created by appuploader or you not save it with appuploader service 
2018-09-07 15:50:40,103 ERROR Thread-12 net.appuploader.c.a.a(?:?) downloadcert失败:This cert not created by appuploader or you not save it with appuploader service 
2018-09-07 15:54:45,180 ERROR Thread-13 net.appuploader.c.a.a(?:?) downloadcert失败:This cert not created by appuploader or you not save it with appuploader service 
2018-09-07 15:57:28,549 ERROR Thread-15 net.appuploader.c.a.a(?:?) downloadcert失败:This cert not created by appuploader or you not save it with appuploader service 
2018-09-07 16:11:02,990 ERROR Thread-5 net.appuploader.c.a.a(?:?) Connect Appuploader Service Fail 
java.net.UnknownHostException: api.applicationloader.net
	at java.net.Inet6AddressImpl.lookupAllHostAddr(Native Method)
	at java.net.InetAddress$2.lookupAllHostAddr(InetAddress.java:928)
	at java.net.InetAddress.getAddressesFromNameService(InetAddress.java:1323)
	at java.net.InetAddress.getAllByName0(InetAddress.java:1276)
	at java.net.InetAddress.getAllByName(InetAddress.java:1192)
	at java.net.InetAddress.getAllByName(InetAddress.java:1126)
	at org.apache.http.impl.conn.SystemDefaultDnsResolver.resolve(SystemDefaultDnsResolver.java:45)
	at org.apache.http.impl.conn.DefaultHttpClientConnectionOperator.connect(DefaultHttpClientConnectionOperator.java:112)
	at org.apache.http.impl.conn.PoolingHttpClientConnectionManager.connect(PoolingHttpClientConnectionManager.java:359)
	at org.apache.http.impl.execchain.MainClientExec.establishRoute(MainClientExec.java:381)
	at org.apache.http.impl.execchain.MainClientExec.execute(MainClientExec.java:237)
	at org.apache.http.impl.execchain.ProtocolExec.execute(ProtocolExec.java:185)
	at org.apache.http.impl.execchain.RetryExec.execute(RetryExec.java:89)
	at org.apache.http.impl.execchain.RedirectExec.execute(RedirectExec.java:111)
	at org.apache.http.impl.client.InternalHttpClient.doExecute(InternalHttpClient.java:185)
	at org.apache.http.impl.client.CloseableHttpClient.execute(CloseableHttpClient.java:83)
	at org.apache.http.impl.client.CloseableHttpClient.execute(CloseableHttpClient.java:108)
	at net.appuploader.c.a.a(Unknown Source)
	at net.appuploader.c.a.a(Unknown Source)
	at net.appuploader.d.b.b(Unknown Source)
	at net.appuploader.b.run(Unknown Source)
